<?xml version="1.0" encoding="UTF-8"?>
<!-- Generated by org.testng.reporters.JUnitReportReporter -->
<testsuite skipped="0" hostname="Automata" name="com.ups.testRunner.UpsLoginTestRunner" tests="2" failures="0" timestamp="2020-12-05T19:02:55 EST" time="28.165" errors="0">
  <testcase name="loginErrorMsgTest" time="13.668" classname="com.ups.testRunner.UpsLoginTestRunner"/>
  <system-out/>
  <testcase name="forgotLinkTest" time="14.497" classname="com.ups.testRunner.UpsLoginTestRunner"/>
  <system-out/>
</testsuite> <!-- com.ups.testRunner.UpsLoginTestRunner -->
